[ 2014-12-09T22:06:41+08:00 ] /thinkphpTest/admin.php/Login/index | INFO: Tag[ route_check ] --START--
[ 2014-12-09T22:06:42+08:00 ] /thinkphpTest/admin.php/Login/index | INFO: Run CheckRoute Behavior [ RunTime:0.015370s ]
[ 2014-12-09T22:06:42+08:00 ] /thinkphpTest/admin.php/Login/index | INFO: Tag[ route_check ] --END-- [ RunTime:0.015571s ]
[ 2014-12-09T22:06:42+08:00 ] /thinkphpTest/admin.php/Login/index | INFO: Tag[ app_begin ] --START--
[ 2014-12-09T22:06:42+08:00 ] /thinkphpTest/admin.php/Login/index | INFO: Run ReadHtmlCache Behavior [ RunTime:0.030573s ]
[ 2014-12-09T22:06:42+08:00 ] /thinkphpTest/admin.php/Login/index | INFO: Tag[ app_begin ] --END-- [ RunTime:0.030672s ]
[ 2014-12-09T22:06:42+08:00 ] /thinkphpTest/admin.php/Login/index | INFO: Tag[ view_template ] --START--
[ 2014-12-09T22:06:42+08:00 ] /thinkphpTest/admin.php/Login/index | INFO: Run LocationTemplate Behavior [ RunTime:0.024254s ]
[ 2014-12-09T22:06:42+08:00 ] /thinkphpTest/admin.php/Login/index | INFO: Tag[ view_template ] --END-- [ RunTime:0.024342s ]
[ 2014-12-09T22:06:42+08:00 ] /thinkphpTest/admin.php/Login/index | INFO: Tag[ view_parse ] --START--
[ 2014-12-09T22:06:42+08:00 ] /thinkphpTest/admin.php/Login/index | INFO: Run ParseTemplate Behavior [ RunTime:0.245779s ]
[ 2014-12-09T22:06:42+08:00 ] /thinkphpTest/admin.php/Login/index | INFO: Tag[ view_parse ] --END-- [ RunTime:0.245892s ]
[ 2014-12-09T22:06:42+08:00 ] /thinkphpTest/admin.php/Login/index | INFO: Tag[ view_filter ] --START--
[ 2014-12-09T22:06:42+08:00 ] /thinkphpTest/admin.php/Login/index | INFO: Run ContentReplace Behavior [ RunTime:0.019925s ]
[ 2014-12-09T22:06:42+08:00 ] /thinkphpTest/admin.php/Login/index | INFO: Run TokenBuild Behavior [ RunTime:0.014520s ]
[ 2014-12-09T22:06:42+08:00 ] /thinkphpTest/admin.php/Login/index | INFO: Run WriteHtmlCache Behavior [ RunTime:0.015478s ]
[ 2014-12-09T22:06:42+08:00 ] /thinkphpTest/admin.php/Login/index | INFO: Run ShowRuntime Behavior [ RunTime:0.007460s ]
[ 2014-12-09T22:06:42+08:00 ] /thinkphpTest/admin.php/Login/index | INFO: Tag[ view_filter ] --END-- [ RunTime:0.057661s ]
[ 2014-12-09T22:06:42+08:00 ] /thinkphpTest/admin.php/Login/index | INFO: Tag[ view_end ] --START--
[ 2014-12-09T22:06:42+08:00 ] /thinkphpTest/admin.php/Login/index | INFO: Run ShowPageTrace Behavior [ RunTime:0.015875s ]
[ 2014-12-09T22:06:42+08:00 ] /thinkphpTest/admin.php/Login/index | INFO: Tag[ view_end ] --END-- [ RunTime:0.015958s ]
[ 2014-12-09T22:06:42+08:00 ] /thinkphpTest/admin.php/Login/resources/images/closelabel.gif | ERR: (ThinkException) 非法操作resources
[ 2014-12-09T22:07:13+08:00 ] /thinkphpTest/admin.php/Index/index/username/ | INFO: Tag[ route_check ] --START--
[ 2014-12-09T22:07:13+08:00 ] /thinkphpTest/admin.php/Index/index/username/ | INFO: Run CheckRoute Behavior [ RunTime:0.002209s ]
[ 2014-12-09T22:07:13+08:00 ] /thinkphpTest/admin.php/Index/index/username/ | INFO: Tag[ route_check ] --END-- [ RunTime:0.002378s ]
[ 2014-12-09T22:07:13+08:00 ] /thinkphpTest/admin.php/Index/index/username/ | INFO: Tag[ app_begin ] --START--
[ 2014-12-09T22:07:13+08:00 ] /thinkphpTest/admin.php/Index/index/username/ | INFO: Run ReadHtmlCache Behavior [ RunTime:0.001458s ]
[ 2014-12-09T22:07:13+08:00 ] /thinkphpTest/admin.php/Index/index/username/ | INFO: Tag[ app_begin ] --END-- [ RunTime:0.001542s ]
[ 2014-12-09T22:07:13+08:00 ] /thinkphpTest/admin.php/Index/index/username/ | SQL: SHOW COLUMNS FROM `think_article` [ RunTime:0.004451s ]
[ 2014-12-09T22:07:13+08:00 ] /thinkphpTest/admin.php/Index/index/username/ | SQL: SELECT COUNT(*) AS tp_count FROM `think_article` LIMIT 1   [ RunTime:0.005892s ]
[ 2014-12-09T22:07:22+08:00 ] /thinkphpTest/admin.php/Login/resources/images/closelabel.gif | ERR: (ThinkException) 非法操作resources
[ 2014-12-09T22:07:23+08:00 ] /thinkphpTest/admin.php/Index/index/username/ | INFO: Tag[ route_check ] --START--
[ 2014-12-09T22:07:23+08:00 ] /thinkphpTest/admin.php/Index/index/username/ | INFO: Run CheckRoute Behavior [ RunTime:0.001122s ]
[ 2014-12-09T22:07:23+08:00 ] /thinkphpTest/admin.php/Index/index/username/ | INFO: Tag[ route_check ] --END-- [ RunTime:0.001292s ]
[ 2014-12-09T22:07:23+08:00 ] /thinkphpTest/admin.php/Index/index/username/ | INFO: Tag[ app_begin ] --START--
[ 2014-12-09T22:07:23+08:00 ] /thinkphpTest/admin.php/Index/index/username/ | INFO: Run ReadHtmlCache Behavior [ RunTime:0.000850s ]
[ 2014-12-09T22:07:23+08:00 ] /thinkphpTest/admin.php/Index/index/username/ | INFO: Tag[ app_begin ] --END-- [ RunTime:0.000981s ]
[ 2014-12-09T22:07:23+08:00 ] /thinkphpTest/admin.php/Index/index/username/ | SQL: SHOW COLUMNS FROM `think_article` [ RunTime:0.025494s ]
[ 2014-12-09T22:07:23+08:00 ] /thinkphpTest/admin.php/Index/index/username/ | SQL: SELECT COUNT(*) AS tp_count FROM `think_article` LIMIT 1   [ RunTime:0.006917s ]
[ 2014-12-09T22:08:01+08:00 ] /thinkphpTest/admin.php/Index/index/username/ | INFO: Tag[ route_check ] --START--
[ 2014-12-09T22:08:01+08:00 ] /thinkphpTest/admin.php/Index/index/username/ | INFO: Run CheckRoute Behavior [ RunTime:0.002231s ]
[ 2014-12-09T22:08:01+08:00 ] /thinkphpTest/admin.php/Index/index/username/ | INFO: Tag[ route_check ] --END-- [ RunTime:0.002444s ]
[ 2014-12-09T22:08:01+08:00 ] /thinkphpTest/admin.php/Index/index/username/ | INFO: Tag[ app_begin ] --START--
[ 2014-12-09T22:08:01+08:00 ] /thinkphpTest/admin.php/Index/index/username/ | INFO: Run ReadHtmlCache Behavior [ RunTime:0.002567s ]
[ 2014-12-09T22:08:01+08:00 ] /thinkphpTest/admin.php/Index/index/username/ | INFO: Tag[ app_begin ] --END-- [ RunTime:0.002696s ]
[ 2014-12-09T22:08:01+08:00 ] /thinkphpTest/admin.php/Index/index/username/ | SQL: SHOW COLUMNS FROM `think_article` [ RunTime:0.041513s ]
[ 2014-12-09T22:08:01+08:00 ] /thinkphpTest/admin.php/Index/index/username/ | SQL: SELECT COUNT(*) AS tp_count FROM `think_article` LIMIT 1   [ RunTime:0.007264s ]
[ 2014-12-09T22:08:01+08:00 ] /thinkphpTest/admin.php/Index/index/username/ | INFO: Tag[ view_template ] --START--
[ 2014-12-09T22:08:01+08:00 ] /thinkphpTest/admin.php/Index/index/username/ | INFO: Run LocationTemplate Behavior [ RunTime:0.002848s ]
[ 2014-12-09T22:08:01+08:00 ] /thinkphpTest/admin.php/Index/index/username/ | INFO: Tag[ view_template ] --END-- [ RunTime:0.002976s ]
[ 2014-12-09T22:08:01+08:00 ] /thinkphpTest/admin.php/Index/index/username/ | INFO: Tag[ view_parse ] --START--
[ 2014-12-09T22:08:01+08:00 ] /thinkphpTest/admin.php/Index/index/username/ | INFO: Run ParseTemplate Behavior [ RunTime:0.050386s ]
[ 2014-12-09T22:08:01+08:00 ] /thinkphpTest/admin.php/Index/index/username/ | INFO: Tag[ view_parse ] --END-- [ RunTime:0.050550s ]
[ 2014-12-09T22:08:01+08:00 ] /thinkphpTest/admin.php/Index/index/username/ | INFO: Tag[ view_filter ] --START--
[ 2014-12-09T22:08:01+08:00 ] /thinkphpTest/admin.php/Index/index/username/ | INFO: Run ContentReplace Behavior [ RunTime:0.002147s ]
[ 2014-12-09T22:08:01+08:00 ] /thinkphpTest/admin.php/Index/index/username/ | INFO: Run TokenBuild Behavior [ RunTime:0.002181s ]
[ 2014-12-09T22:08:01+08:00 ] /thinkphpTest/admin.php/Index/index/username/ | INFO: Run WriteHtmlCache Behavior [ RunTime:0.001699s ]
[ 2014-12-09T22:08:01+08:00 ] /thinkphpTest/admin.php/Index/index/username/ | INFO: Run ShowRuntime Behavior [ RunTime:0.002199s ]
[ 2014-12-09T22:08:01+08:00 ] /thinkphpTest/admin.php/Index/index/username/ | INFO: Tag[ view_filter ] --END-- [ RunTime:0.008567s ]
[ 2014-12-09T22:08:01+08:00 ] /thinkphpTest/admin.php/Index/index/username/ | INFO: Tag[ view_end ] --START--
[ 2014-12-09T22:08:01+08:00 ] /thinkphpTest/admin.php/Index/index/username/ | INFO: Run ShowPageTrace Behavior [ RunTime:0.002332s ]
[ 2014-12-09T22:08:01+08:00 ] /thinkphpTest/admin.php/Index/index/username/ | INFO: Tag[ view_end ] --END-- [ RunTime:0.002484s ]
[ 2014-12-09T22:26:10+08:00 ] /thinkphpTest/admin.php/Index/index/username/ | INFO: Tag[ route_check ] --START--
[ 2014-12-09T22:26:10+08:00 ] /thinkphpTest/admin.php/Index/index/username/ | INFO: Run CheckRoute Behavior [ RunTime:0.001987s ]
[ 2014-12-09T22:26:10+08:00 ] /thinkphpTest/admin.php/Index/index/username/ | INFO: Tag[ route_check ] --END-- [ RunTime:0.002189s ]
[ 2014-12-09T22:26:10+08:00 ] /thinkphpTest/admin.php/Index/index/username/ | INFO: Tag[ app_begin ] --START--
[ 2014-12-09T22:26:10+08:00 ] /thinkphpTest/admin.php/Index/index/username/ | INFO: Run ReadHtmlCache Behavior [ RunTime:0.001489s ]
[ 2014-12-09T22:26:10+08:00 ] /thinkphpTest/admin.php/Index/index/username/ | INFO: Tag[ app_begin ] --END-- [ RunTime:0.001563s ]
[ 2014-12-09T22:26:10+08:00 ] /thinkphpTest/admin.php/Index/index/username/ | SQL: SHOW COLUMNS FROM `think_article` [ RunTime:0.006255s ]
[ 2014-12-09T22:26:10+08:00 ] /thinkphpTest/admin.php/Index/index/username/ | SQL: SELECT COUNT(*) AS tp_count FROM `think_article` LIMIT 1   [ RunTime:0.005678s ]
[ 2014-12-09T22:26:10+08:00 ] /thinkphpTest/admin.php/Index/index/username/ | INFO: Tag[ view_template ] --START--
[ 2014-12-09T22:26:10+08:00 ] /thinkphpTest/admin.php/Index/index/username/ | INFO: Run LocationTemplate Behavior [ RunTime:0.002801s ]
[ 2014-12-09T22:26:10+08:00 ] /thinkphpTest/admin.php/Index/index/username/ | INFO: Tag[ view_template ] --END-- [ RunTime:0.002904s ]
[ 2014-12-09T22:26:10+08:00 ] /thinkphpTest/admin.php/Index/index/username/ | INFO: Tag[ view_parse ] --START--
[ 2014-12-09T22:26:10+08:00 ] /thinkphpTest/admin.php/Index/index/username/ | NOTIC: [8] Undefined variable: article 20eabf8d43f497715f3e1a7ec1a2f00f.php 第 262 行.
[ 2014-12-09T22:26:10+08:00 ] /thinkphpTest/admin.php/Index/index/username/ | NOTIC: [8] Undefined variable: article 20eabf8d43f497715f3e1a7ec1a2f00f.php 第 263 行.
[ 2014-12-09T22:26:10+08:00 ] /thinkphpTest/admin.php/Index/index/username/ | NOTIC: [8] Undefined variable: article 20eabf8d43f497715f3e1a7ec1a2f00f.php 第 264 行.
[ 2014-12-09T22:26:10+08:00 ] /thinkphpTest/admin.php/Index/index/username/ | INFO: Run ParseTemplate Behavior [ RunTime:0.042244s ]
[ 2014-12-09T22:26:10+08:00 ] /thinkphpTest/admin.php/Index/index/username/ | INFO: Tag[ view_parse ] --END-- [ RunTime:0.042342s ]
[ 2014-12-09T22:26:10+08:00 ] /thinkphpTest/admin.php/Index/index/username/ | INFO: Tag[ view_filter ] --START--
[ 2014-12-09T22:26:10+08:00 ] /thinkphpTest/admin.php/Index/index/username/ | INFO: Run ContentReplace Behavior [ RunTime:0.001540s ]
[ 2014-12-09T22:26:10+08:00 ] /thinkphpTest/admin.php/Index/index/username/ | INFO: Run TokenBuild Behavior [ RunTime:0.001985s ]
[ 2014-12-09T22:26:10+08:00 ] /thinkphpTest/admin.php/Index/index/username/ | INFO: Run WriteHtmlCache Behavior [ RunTime:0.001628s ]
[ 2014-12-09T22:26:10+08:00 ] /thinkphpTest/admin.php/Index/index/username/ | INFO: Run ShowRuntime Behavior [ RunTime:0.002142s ]
[ 2014-12-09T22:26:10+08:00 ] /thinkphpTest/admin.php/Index/index/username/ | INFO: Tag[ view_filter ] --END-- [ RunTime:0.007587s ]
[ 2014-12-09T22:26:10+08:00 ] /thinkphpTest/admin.php/Index/index/username/ | INFO: Tag[ view_end ] --START--
[ 2014-12-09T22:26:10+08:00 ] /thinkphpTest/admin.php/Index/index/username/ | INFO: Run ShowPageTrace Behavior [ RunTime:0.002304s ]
[ 2014-12-09T22:26:10+08:00 ] /thinkphpTest/admin.php/Index/index/username/ | INFO: Tag[ view_end ] --END-- [ RunTime:0.002443s ]
[ 2014-12-09T22:29:56+08:00 ] /thinkphpTest/admin.php/Index/index/username/ | INFO: Tag[ route_check ] --START--
[ 2014-12-09T22:29:56+08:00 ] /thinkphpTest/admin.php/Index/index/username/ | INFO: Run CheckRoute Behavior [ RunTime:0.002379s ]
[ 2014-12-09T22:29:56+08:00 ] /thinkphpTest/admin.php/Index/index/username/ | INFO: Tag[ route_check ] --END-- [ RunTime:0.002569s ]
[ 2014-12-09T22:29:56+08:00 ] /thinkphpTest/admin.php/Index/index/username/ | INFO: Tag[ app_begin ] --START--
[ 2014-12-09T22:29:56+08:00 ] /thinkphpTest/admin.php/Index/index/username/ | INFO: Run ReadHtmlCache Behavior [ RunTime:0.002218s ]
[ 2014-12-09T22:29:56+08:00 ] /thinkphpTest/admin.php/Index/index/username/ | INFO: Tag[ app_begin ] --END-- [ RunTime:0.002335s ]
[ 2014-12-09T22:29:56+08:00 ] /thinkphpTest/admin.php/Index/index/username/ | SQL: SHOW COLUMNS FROM `think_article` [ RunTime:0.005536s ]
[ 2014-12-09T22:29:56+08:00 ] /thinkphpTest/admin.php/Index/index/username/ | SQL: SELECT COUNT(*) AS tp_count FROM `think_article` LIMIT 1   [ RunTime:0.007246s ]
[ 2014-12-09T22:29:56+08:00 ] /thinkphpTest/admin.php/Index/index/username/ | INFO: Tag[ view_template ] --START--
[ 2014-12-09T22:29:56+08:00 ] /thinkphpTest/admin.php/Index/index/username/ | INFO: Run LocationTemplate Behavior [ RunTime:0.002800s ]
[ 2014-12-09T22:29:56+08:00 ] /thinkphpTest/admin.php/Index/index/username/ | INFO: Tag[ view_template ] --END-- [ RunTime:0.002919s ]
[ 2014-12-09T22:29:56+08:00 ] /thinkphpTest/admin.php/Index/index/username/ | INFO: Tag[ view_parse ] --START--
[ 2014-12-09T22:29:56+08:00 ] /thinkphpTest/admin.php/Index/index/username/ | INFO: Run ParseTemplate Behavior [ RunTime:0.045250s ]
[ 2014-12-09T22:29:56+08:00 ] /thinkphpTest/admin.php/Index/index/username/ | INFO: Tag[ view_parse ] --END-- [ RunTime:0.045381s ]
[ 2014-12-09T22:29:56+08:00 ] /thinkphpTest/admin.php/Index/index/username/ | INFO: Tag[ view_filter ] --START--
[ 2014-12-09T22:29:56+08:00 ] /thinkphpTest/admin.php/Index/index/username/ | INFO: Run ContentReplace Behavior [ RunTime:0.002069s ]
[ 2014-12-09T22:29:56+08:00 ] /thinkphpTest/admin.php/Index/index/username/ | INFO: Run TokenBuild Behavior [ RunTime:0.002199s ]
[ 2014-12-09T22:29:56+08:00 ] /thinkphpTest/admin.php/Index/index/username/ | INFO: Run WriteHtmlCache Behavior [ RunTime:0.001791s ]
[ 2014-12-09T22:29:56+08:00 ] /thinkphpTest/admin.php/Index/index/username/ | INFO: Run ShowRuntime Behavior [ RunTime:0.002171s ]
[ 2014-12-09T22:29:56+08:00 ] /thinkphpTest/admin.php/Index/index/username/ | INFO: Tag[ view_filter ] --END-- [ RunTime:0.008611s ]
[ 2014-12-09T22:29:56+08:00 ] /thinkphpTest/admin.php/Index/index/username/ | INFO: Tag[ view_end ] --START--
[ 2014-12-09T22:29:56+08:00 ] /thinkphpTest/admin.php/Index/index/username/ | INFO: Run ShowPageTrace Behavior [ RunTime:0.002849s ]
[ 2014-12-09T22:29:56+08:00 ] /thinkphpTest/admin.php/Index/index/username/ | INFO: Tag[ view_end ] --END-- [ RunTime:0.003071s ]
[ 2014-12-09T22:29:57+08:00 ] /thinkphpTest/admin.php/Index/index/username/resources/images/closelabel.gif | INFO: Tag[ route_check ] --START--
[ 2014-12-09T22:29:57+08:00 ] /thinkphpTest/admin.php/Index/index/username/resources/images/closelabel.gif | INFO: Run CheckRoute Behavior [ RunTime:0.002162s ]
[ 2014-12-09T22:29:57+08:00 ] /thinkphpTest/admin.php/Index/index/username/resources/images/closelabel.gif | INFO: Tag[ route_check ] --END-- [ RunTime:0.002327s ]
[ 2014-12-09T22:29:57+08:00 ] /thinkphpTest/admin.php/Index/index/username/resources/images/closelabel.gif | INFO: Tag[ app_begin ] --START--
[ 2014-12-09T22:29:57+08:00 ] /thinkphpTest/admin.php/Index/index/username/resources/images/closelabel.gif | INFO: Run ReadHtmlCache Behavior [ RunTime:0.001562s ]
[ 2014-12-09T22:29:57+08:00 ] /thinkphpTest/admin.php/Index/index/username/resources/images/closelabel.gif | INFO: Tag[ app_begin ] --END-- [ RunTime:0.001693s ]
[ 2014-12-09T22:29:57+08:00 ] /thinkphpTest/admin.php/Index/index/username/resources/images/closelabel.gif | SQL: SHOW COLUMNS FROM `think_article` [ RunTime:0.007680s ]
[ 2014-12-09T22:29:57+08:00 ] /thinkphpTest/admin.php/Index/index/username/resources/images/closelabel.gif | SQL: SELECT COUNT(*) AS tp_count FROM `think_article` LIMIT 1   [ RunTime:0.008498s ]
[ 2014-12-09T22:29:57+08:00 ] /thinkphpTest/admin.php/Index/index/username/resources/images/closelabel.gif | INFO: Tag[ view_template ] --START--
[ 2014-12-09T22:29:57+08:00 ] /thinkphpTest/admin.php/Index/index/username/resources/images/closelabel.gif | INFO: Run LocationTemplate Behavior [ RunTime:0.001931s ]
[ 2014-12-09T22:29:57+08:00 ] /thinkphpTest/admin.php/Index/index/username/resources/images/closelabel.gif | INFO: Tag[ view_template ] --END-- [ RunTime:0.002042s ]
[ 2014-12-09T22:29:57+08:00 ] /thinkphpTest/admin.php/Index/index/username/resources/images/closelabel.gif | INFO: Tag[ view_parse ] --START--
[ 2014-12-09T22:29:57+08:00 ] /thinkphpTest/admin.php/Index/index/username/resources/images/closelabel.gif | INFO: Run ParseTemplate Behavior [ RunTime:0.043662s ]
[ 2014-12-09T22:29:57+08:00 ] /thinkphpTest/admin.php/Index/index/username/resources/images/closelabel.gif | INFO: Tag[ view_parse ] --END-- [ RunTime:0.043799s ]
[ 2014-12-09T22:29:57+08:00 ] /thinkphpTest/admin.php/Index/index/username/resources/images/closelabel.gif | INFO: Tag[ view_filter ] --START--
[ 2014-12-09T22:29:57+08:00 ] /thinkphpTest/admin.php/Index/index/username/resources/images/closelabel.gif | INFO: Run ContentReplace Behavior [ RunTime:0.001547s ]
[ 2014-12-09T22:29:57+08:00 ] /thinkphpTest/admin.php/Index/index/username/resources/images/closelabel.gif | INFO: Run TokenBuild Behavior [ RunTime:0.001689s ]
[ 2014-12-09T22:29:57+08:00 ] /thinkphpTest/admin.php/Index/index/username/resources/images/closelabel.gif | INFO: Run WriteHtmlCache Behavior [ RunTime:0.001080s ]
[ 2014-12-09T22:29:57+08:00 ] /thinkphpTest/admin.php/Index/index/username/resources/images/closelabel.gif | INFO: Run ShowRuntime Behavior [ RunTime:0.001384s ]
[ 2014-12-09T22:29:57+08:00 ] /thinkphpTest/admin.php/Index/index/username/resources/images/closelabel.gif | INFO: Tag[ view_filter ] --END-- [ RunTime:0.006053s ]
[ 2014-12-09T22:29:57+08:00 ] /thinkphpTest/admin.php/Index/index/username/resources/images/closelabel.gif | INFO: Tag[ view_end ] --START--
[ 2014-12-09T22:29:57+08:00 ] /thinkphpTest/admin.php/Index/index/username/resources/images/closelabel.gif | INFO: Run ShowPageTrace Behavior [ RunTime:0.001499s ]
[ 2014-12-09T22:29:57+08:00 ] /thinkphpTest/admin.php/Index/index/username/resources/images/closelabel.gif | INFO: Tag[ view_end ] --END-- [ RunTime:0.001618s ]
[ 2014-12-09T22:31:25+08:00 ] /thinkphpTest/admin.php/Index/index/username/ | INFO: Tag[ route_check ] --START--
[ 2014-12-09T22:31:25+08:00 ] /thinkphpTest/admin.php/Index/index/username/ | INFO: Run CheckRoute Behavior [ RunTime:0.003050s ]
[ 2014-12-09T22:31:25+08:00 ] /thinkphpTest/admin.php/Index/index/username/ | INFO: Tag[ route_check ] --END-- [ RunTime:0.003225s ]
[ 2014-12-09T22:31:25+08:00 ] /thinkphpTest/admin.php/Index/index/username/ | INFO: Tag[ app_begin ] --START--
[ 2014-12-09T22:31:25+08:00 ] /thinkphpTest/admin.php/Index/index/username/ | INFO: Run ReadHtmlCache Behavior [ RunTime:0.002204s ]
[ 2014-12-09T22:31:25+08:00 ] /thinkphpTest/admin.php/Index/index/username/ | INFO: Tag[ app_begin ] --END-- [ RunTime:0.002328s ]
[ 2014-12-09T22:31:25+08:00 ] /thinkphpTest/admin.php/Index/index/username/ | SQL: SHOW COLUMNS FROM `think_article` [ RunTime:0.005812s ]
[ 2014-12-09T22:31:25+08:00 ] /thinkphpTest/admin.php/Index/index/username/ | SQL: SELECT COUNT(*) AS tp_count FROM `think_article` LIMIT 1   [ RunTime:0.007491s ]
[ 2014-12-09T22:31:25+08:00 ] /thinkphpTest/admin.php/Index/index/username/ | INFO: Tag[ view_template ] --START--
[ 2014-12-09T22:31:25+08:00 ] /thinkphpTest/admin.php/Index/index/username/ | INFO: Run LocationTemplate Behavior [ RunTime:0.003071s ]
[ 2014-12-09T22:31:25+08:00 ] /thinkphpTest/admin.php/Index/index/username/ | INFO: Tag[ view_template ] --END-- [ RunTime:0.003214s ]
[ 2014-12-09T22:31:25+08:00 ] /thinkphpTest/admin.php/Index/index/username/ | INFO: Tag[ view_parse ] --START--
[ 2014-12-09T22:31:25+08:00 ] /thinkphpTest/admin.php/Index/index/username/ | INFO: Run ParseTemplate Behavior [ RunTime:0.052261s ]
[ 2014-12-09T22:31:25+08:00 ] /thinkphpTest/admin.php/Index/index/username/ | INFO: Tag[ view_parse ] --END-- [ RunTime:0.052390s ]
[ 2014-12-09T22:31:25+08:00 ] /thinkphpTest/admin.php/Index/index/username/ | INFO: Tag[ view_filter ] --START--
[ 2014-12-09T22:31:25+08:00 ] /thinkphpTest/admin.php/Index/index/username/ | INFO: Run ContentReplace Behavior [ RunTime:0.002327s ]
[ 2014-12-09T22:31:25+08:00 ] /thinkphpTest/admin.php/Index/index/username/ | INFO: Run TokenBuild Behavior [ RunTime:0.002193s ]
[ 2014-12-09T22:31:25+08:00 ] /thinkphpTest/admin.php/Index/index/username/ | INFO: Run WriteHtmlCache Behavior [ RunTime:0.001912s ]
[ 2014-12-09T22:31:25+08:00 ] /thinkphpTest/admin.php/Index/index/username/ | INFO: Run ShowRuntime Behavior [ RunTime:0.002112s ]
[ 2014-12-09T22:31:25+08:00 ] /thinkphpTest/admin.php/Index/index/username/ | INFO: Tag[ view_filter ] --END-- [ RunTime:0.008914s ]
[ 2014-12-09T22:31:25+08:00 ] /thinkphpTest/admin.php/Index/index/username/ | INFO: Tag[ view_end ] --START--
[ 2014-12-09T22:31:25+08:00 ] /thinkphpTest/admin.php/Index/index/username/ | INFO: Run ShowPageTrace Behavior [ RunTime:0.002881s ]
[ 2014-12-09T22:31:25+08:00 ] /thinkphpTest/admin.php/Index/index/username/ | INFO: Tag[ view_end ] --END-- [ RunTime:0.003061s ]
[ 2014-12-09T22:31:26+08:00 ] /thinkphpTest/admin.php/Index/index/username/resources/images/closelabel.gif | INFO: Tag[ route_check ] --START--
[ 2014-12-09T22:31:26+08:00 ] /thinkphpTest/admin.php/Index/index/username/resources/images/closelabel.gif | INFO: Run CheckRoute Behavior [ RunTime:0.002703s ]
[ 2014-12-09T22:31:26+08:00 ] /thinkphpTest/admin.php/Index/index/username/resources/images/closelabel.gif | INFO: Tag[ route_check ] --END-- [ RunTime:0.002907s ]
[ 2014-12-09T22:31:26+08:00 ] /thinkphpTest/admin.php/Index/index/username/resources/images/closelabel.gif | INFO: Tag[ app_begin ] --START--
[ 2014-12-09T22:31:26+08:00 ] /thinkphpTest/admin.php/Index/index/username/resources/images/closelabel.gif | INFO: Run ReadHtmlCache Behavior [ RunTime:0.002529s ]
[ 2014-12-09T22:31:26+08:00 ] /thinkphpTest/admin.php/Index/index/username/resources/images/closelabel.gif | INFO: Tag[ app_begin ] --END-- [ RunTime:0.002727s ]
[ 2014-12-09T22:31:26+08:00 ] /thinkphpTest/admin.php/Index/index/username/resources/images/closelabel.gif | SQL: SHOW COLUMNS FROM `think_article` [ RunTime:0.006963s ]
[ 2014-12-09T22:31:26+08:00 ] /thinkphpTest/admin.php/Index/index/username/resources/images/closelabel.gif | SQL: SELECT COUNT(*) AS tp_count FROM `think_article` LIMIT 1   [ RunTime:0.006989s ]
[ 2014-12-09T22:31:26+08:00 ] /thinkphpTest/admin.php/Index/index/username/resources/images/closelabel.gif | INFO: Tag[ view_template ] --START--
[ 2014-12-09T22:31:26+08:00 ] /thinkphpTest/admin.php/Index/index/username/resources/images/closelabel.gif | INFO: Run LocationTemplate Behavior [ RunTime:0.002360s ]
[ 2014-12-09T22:31:26+08:00 ] /thinkphpTest/admin.php/Index/index/username/resources/images/closelabel.gif | INFO: Tag[ view_template ] --END-- [ RunTime:0.002438s ]
[ 2014-12-09T22:31:26+08:00 ] /thinkphpTest/admin.php/Index/index/username/resources/images/closelabel.gif | INFO: Tag[ view_parse ] --START--
[ 2014-12-09T22:31:26+08:00 ] /thinkphpTest/admin.php/Index/index/username/resources/images/closelabel.gif | INFO: Run ParseTemplate Behavior [ RunTime:0.040253s ]
[ 2014-12-09T22:31:26+08:00 ] /thinkphpTest/admin.php/Index/index/username/resources/images/closelabel.gif | INFO: Tag[ view_parse ] --END-- [ RunTime:0.040376s ]
[ 2014-12-09T22:31:26+08:00 ] /thinkphpTest/admin.php/Index/index/username/resources/images/closelabel.gif | INFO: Tag[ view_filter ] --START--
[ 2014-12-09T22:31:26+08:00 ] /thinkphpTest/admin.php/Index/index/username/resources/images/closelabel.gif | INFO: Run ContentReplace Behavior [ RunTime:0.001928s ]
[ 2014-12-09T22:31:26+08:00 ] /thinkphpTest/admin.php/Index/index/username/resources/images/closelabel.gif | INFO: Run TokenBuild Behavior [ RunTime:0.001918s ]
[ 2014-12-09T22:31:26+08:00 ] /thinkphpTest/admin.php/Index/index/username/resources/images/closelabel.gif | INFO: Run WriteHtmlCache Behavior [ RunTime:0.001634s ]
[ 2014-12-09T22:31:26+08:00 ] /thinkphpTest/admin.php/Index/index/username/resources/images/closelabel.gif | INFO: Run ShowRuntime Behavior [ RunTime:0.001982s ]
[ 2014-12-09T22:31:26+08:00 ] /thinkphpTest/admin.php/Index/index/username/resources/images/closelabel.gif | INFO: Tag[ view_filter ] --END-- [ RunTime:0.007711s ]
[ 2014-12-09T22:31:26+08:00 ] /thinkphpTest/admin.php/Index/index/username/resources/images/closelabel.gif | INFO: Tag[ view_end ] --START--
[ 2014-12-09T22:31:26+08:00 ] /thinkphpTest/admin.php/Index/index/username/resources/images/closelabel.gif | INFO: Run ShowPageTrace Behavior [ RunTime:0.002036s ]
[ 2014-12-09T22:31:26+08:00 ] /thinkphpTest/admin.php/Index/index/username/resources/images/closelabel.gif | INFO: Tag[ view_end ] --END-- [ RunTime:0.002139s ]
[ 2014-12-09T22:32:11+08:00 ] /thinkphpTest/admin.php/Index/index/username/ | INFO: Tag[ route_check ] --START--
[ 2014-12-09T22:32:11+08:00 ] /thinkphpTest/admin.php/Index/index/username/ | INFO: Run CheckRoute Behavior [ RunTime:0.001645s ]
[ 2014-12-09T22:32:11+08:00 ] /thinkphpTest/admin.php/Index/index/username/ | INFO: Tag[ route_check ] --END-- [ RunTime:0.001788s ]
[ 2014-12-09T22:32:11+08:00 ] /thinkphpTest/admin.php/Index/index/username/ | INFO: Tag[ app_begin ] --START--
[ 2014-12-09T22:32:11+08:00 ] /thinkphpTest/admin.php/Index/index/username/ | INFO: Run ReadHtmlCache Behavior [ RunTime:0.001295s ]
[ 2014-12-09T22:32:11+08:00 ] /thinkphpTest/admin.php/Index/index/username/ | INFO: Tag[ app_begin ] --END-- [ RunTime:0.001378s ]
[ 2014-12-09T22:32:11+08:00 ] /thinkphpTest/admin.php/Index/index/username/ | SQL: SHOW COLUMNS FROM `think_article` [ RunTime:0.004285s ]
[ 2014-12-09T22:32:11+08:00 ] /thinkphpTest/admin.php/Index/index/username/ | SQL: SELECT COUNT(*) AS tp_count FROM `think_article` LIMIT 1   [ RunTime:0.056474s ]
[ 2014-12-09T22:32:11+08:00 ] /thinkphpTest/admin.php/Index/index/username/ | INFO: Tag[ view_template ] --START--
[ 2014-12-09T22:32:11+08:00 ] /thinkphpTest/admin.php/Index/index/username/ | INFO: Run LocationTemplate Behavior [ RunTime:0.001394s ]
[ 2014-12-09T22:32:11+08:00 ] /thinkphpTest/admin.php/Index/index/username/ | INFO: Tag[ view_template ] --END-- [ RunTime:0.001486s ]
[ 2014-12-09T22:32:11+08:00 ] /thinkphpTest/admin.php/Index/index/username/ | INFO: Tag[ view_parse ] --START--
[ 2014-12-09T22:32:11+08:00 ] /thinkphpTest/admin.php/Index/index/username/ | INFO: Run ParseTemplate Behavior [ RunTime:0.029378s ]
[ 2014-12-09T22:32:11+08:00 ] /thinkphpTest/admin.php/Index/index/username/ | INFO: Tag[ view_parse ] --END-- [ RunTime:0.029483s ]
[ 2014-12-09T22:32:11+08:00 ] /thinkphpTest/admin.php/Index/index/username/ | INFO: Tag[ view_filter ] --START--
[ 2014-12-09T22:32:11+08:00 ] /thinkphpTest/admin.php/Index/index/username/ | INFO: Run ContentReplace Behavior [ RunTime:0.000919s ]
[ 2014-12-09T22:32:11+08:00 ] /thinkphpTest/admin.php/Index/index/username/ | INFO: Run TokenBuild Behavior [ RunTime:0.000870s ]
[ 2014-12-09T22:32:11+08:00 ] /thinkphpTest/admin.php/Index/index/username/ | INFO: Run WriteHtmlCache Behavior [ RunTime:0.000650s ]
[ 2014-12-09T22:32:11+08:00 ] /thinkphpTest/admin.php/Index/index/username/ | INFO: Run ShowRuntime Behavior [ RunTime:0.000828s ]
[ 2014-12-09T22:32:11+08:00 ] /thinkphpTest/admin.php/Index/index/username/ | INFO: Tag[ view_filter ] --END-- [ RunTime:0.003426s ]
[ 2014-12-09T22:32:11+08:00 ] /thinkphpTest/admin.php/Index/index/username/ | INFO: Tag[ view_end ] --START--
[ 2014-12-09T22:32:11+08:00 ] /thinkphpTest/admin.php/Index/index/username/ | INFO: Run ShowPageTrace Behavior [ RunTime:0.001439s ]
[ 2014-12-09T22:32:11+08:00 ] /thinkphpTest/admin.php/Index/index/username/ | INFO: Tag[ view_end ] --END-- [ RunTime:0.001562s ]
[ 2014-12-09T22:32:12+08:00 ] /thinkphpTest/admin.php/Index/index/username/resources/images/closelabel.gif | INFO: Tag[ route_check ] --START--
[ 2014-12-09T22:32:12+08:00 ] /thinkphpTest/admin.php/Index/index/username/resources/images/closelabel.gif | INFO: Run CheckRoute Behavior [ RunTime:0.001175s ]
[ 2014-12-09T22:32:12+08:00 ] /thinkphpTest/admin.php/Index/index/username/resources/images/closelabel.gif | INFO: Tag[ route_check ] --END-- [ RunTime:0.001373s ]
[ 2014-12-09T22:32:12+08:00 ] /thinkphpTest/admin.php/Index/index/username/resources/images/closelabel.gif | INFO: Tag[ app_begin ] --START--
[ 2014-12-09T22:32:12+08:00 ] /thinkphpTest/admin.php/Index/index/username/resources/images/closelabel.gif | INFO: Run ReadHtmlCache Behavior [ RunTime:0.000800s ]
[ 2014-12-09T22:32:12+08:00 ] /thinkphpTest/admin.php/Index/index/username/resources/images/closelabel.gif | INFO: Tag[ app_begin ] --END-- [ RunTime:0.000911s ]
[ 2014-12-09T22:32:12+08:00 ] /thinkphpTest/admin.php/Index/index/username/resources/images/closelabel.gif | SQL: SHOW COLUMNS FROM `think_article` [ RunTime:0.006516s ]
[ 2014-12-09T22:32:12+08:00 ] /thinkphpTest/admin.php/Index/index/username/resources/images/closelabel.gif | SQL: SELECT COUNT(*) AS tp_count FROM `think_article` LIMIT 1   [ RunTime:0.010089s ]
[ 2014-12-09T22:32:12+08:00 ] /thinkphpTest/admin.php/Index/index/username/resources/images/closelabel.gif | INFO: Tag[ view_template ] --START--
[ 2014-12-09T22:32:12+08:00 ] /thinkphpTest/admin.php/Index/index/username/resources/images/closelabel.gif | INFO: Run LocationTemplate Behavior [ RunTime:0.002046s ]
[ 2014-12-09T22:32:12+08:00 ] /thinkphpTest/admin.php/Index/index/username/resources/images/closelabel.gif | INFO: Tag[ view_template ] --END-- [ RunTime:0.002332s ]
[ 2014-12-09T22:32:12+08:00 ] /thinkphpTest/admin.php/Index/index/username/resources/images/closelabel.gif | INFO: Tag[ view_parse ] --START--
[ 2014-12-09T22:32:12+08:00 ] /thinkphpTest/admin.php/Index/index/username/resources/images/closelabel.gif | INFO: Run ParseTemplate Behavior [ RunTime:0.032526s ]
[ 2014-12-09T22:32:12+08:00 ] /thinkphpTest/admin.php/Index/index/username/resources/images/closelabel.gif | INFO: Tag[ view_parse ] --END-- [ RunTime:0.032632s ]
[ 2014-12-09T22:32:12+08:00 ] /thinkphpTest/admin.php/Index/index/username/resources/images/closelabel.gif | INFO: Tag[ view_filter ] --START--
[ 2014-12-09T22:32:12+08:00 ] /thinkphpTest/admin.php/Index/index/username/resources/images/closelabel.gif | INFO: Run ContentReplace Behavior [ RunTime:0.000402s ]
[ 2014-12-09T22:32:12+08:00 ] /thinkphpTest/admin.php/Index/index/username/resources/images/closelabel.gif | INFO: Run TokenBuild Behavior [ RunTime:0.000431s ]
[ 2014-12-09T22:32:12+08:00 ] /thinkphpTest/admin.php/Index/index/username/resources/images/closelabel.gif | INFO: Run WriteHtmlCache Behavior [ RunTime:0.000210s ]
[ 2014-12-09T22:32:12+08:00 ] /thinkphpTest/admin.php/Index/index/username/resources/images/closelabel.gif | INFO: Run ShowRuntime Behavior [ RunTime:0.000392s ]
[ 2014-12-09T22:32:12+08:00 ] /thinkphpTest/admin.php/Index/index/username/resources/images/closelabel.gif | INFO: Tag[ view_filter ] --END-- [ RunTime:0.001585s ]
[ 2014-12-09T22:32:12+08:00 ] /thinkphpTest/admin.php/Index/index/username/resources/images/closelabel.gif | INFO: Tag[ view_end ] --START--
[ 2014-12-09T22:32:12+08:00 ] /thinkphpTest/admin.php/Index/index/username/resources/images/closelabel.gif | INFO: Run ShowPageTrace Behavior [ RunTime:0.000676s ]
[ 2014-12-09T22:32:12+08:00 ] /thinkphpTest/admin.php/Index/index/username/resources/images/closelabel.gif | INFO: Tag[ view_end ] --END-- [ RunTime:0.000794s ]
[ 2014-12-09T22:33:12+08:00 ] /thinkphpTest/admin.php/Index/index/username/ | INFO: Tag[ route_check ] --START--
[ 2014-12-09T22:33:12+08:00 ] /thinkphpTest/admin.php/Index/index/username/ | INFO: Run CheckRoute Behavior [ RunTime:0.001824s ]
[ 2014-12-09T22:33:12+08:00 ] /thinkphpTest/admin.php/Index/index/username/ | INFO: Tag[ route_check ] --END-- [ RunTime:0.001957s ]
[ 2014-12-09T22:33:12+08:00 ] /thinkphpTest/admin.php/Index/index/username/ | INFO: Tag[ app_begin ] --START--
[ 2014-12-09T22:33:12+08:00 ] /thinkphpTest/admin.php/Index/index/username/ | INFO: Run ReadHtmlCache Behavior [ RunTime:0.001310s ]
[ 2014-12-09T22:33:12+08:00 ] /thinkphpTest/admin.php/Index/index/username/ | INFO: Tag[ app_begin ] --END-- [ RunTime:0.001371s ]
[ 2014-12-09T22:33:12+08:00 ] /thinkphpTest/admin.php/Index/index/username/ | SQL: SHOW COLUMNS FROM `think_article` [ RunTime:0.004724s ]
[ 2014-12-09T22:33:12+08:00 ] /thinkphpTest/admin.php/Index/index/username/ | SQL: SELECT COUNT(*) AS tp_count FROM `think_article` LIMIT 1   [ RunTime:0.005265s ]
[ 2014-12-09T22:33:12+08:00 ] /thinkphpTest/admin.php/Index/index/username/ | INFO: Tag[ view_template ] --START--
[ 2014-12-09T22:33:12+08:00 ] /thinkphpTest/admin.php/Index/index/username/ | INFO: Run LocationTemplate Behavior [ RunTime:0.002917s ]
[ 2014-12-09T22:33:12+08:00 ] /thinkphpTest/admin.php/Index/index/username/ | INFO: Tag[ view_template ] --END-- [ RunTime:0.003013s ]
[ 2014-12-09T22:33:12+08:00 ] /thinkphpTest/admin.php/Index/index/username/ | INFO: Tag[ view_parse ] --START--
[ 2014-12-09T22:33:12+08:00 ] /thinkphpTest/admin.php/Index/index/username/ | INFO: Run ParseTemplate Behavior [ RunTime:0.030866s ]
[ 2014-12-09T22:33:12+08:00 ] /thinkphpTest/admin.php/Index/index/username/ | INFO: Tag[ view_parse ] --END-- [ RunTime:0.030974s ]
[ 2014-12-09T22:33:12+08:00 ] /thinkphpTest/admin.php/Index/index/username/ | INFO: Tag[ view_filter ] --START--
[ 2014-12-09T22:33:12+08:00 ] /thinkphpTest/admin.php/Index/index/username/ | INFO: Run ContentReplace Behavior [ RunTime:0.001303s ]
[ 2014-12-09T22:33:12+08:00 ] /thinkphpTest/admin.php/Index/index/username/ | INFO: Run TokenBuild Behavior [ RunTime:0.001256s ]
[ 2014-12-09T22:33:12+08:00 ] /thinkphpTest/admin.php/Index/index/username/ | INFO: Run WriteHtmlCache Behavior [ RunTime:0.001032s ]
[ 2014-12-09T22:33:12+08:00 ] /thinkphpTest/admin.php/Index/index/username/ | INFO: Run ShowRuntime Behavior [ RunTime:0.002147s ]
[ 2014-12-09T22:33:12+08:00 ] /thinkphpTest/admin.php/Index/index/username/ | INFO: Tag[ view_filter ] --END-- [ RunTime:0.005937s ]
[ 2014-12-09T22:33:12+08:00 ] /thinkphpTest/admin.php/Index/index/username/ | INFO: Tag[ view_end ] --START--
[ 2014-12-09T22:33:12+08:00 ] /thinkphpTest/admin.php/Index/index/username/ | INFO: Run ShowPageTrace Behavior [ RunTime:0.002139s ]
[ 2014-12-09T22:33:12+08:00 ] /thinkphpTest/admin.php/Index/index/username/ | INFO: Tag[ view_end ] --END-- [ RunTime:0.002258s ]
[ 2014-12-09T22:33:12+08:00 ] /thinkphpTest/admin.php/Index/index/username/resources/images/closelabel.gif | INFO: Tag[ route_check ] --START--
[ 2014-12-09T22:33:12+08:00 ] /thinkphpTest/admin.php/Index/index/username/resources/images/closelabel.gif | INFO: Run CheckRoute Behavior [ RunTime:0.002311s ]
[ 2014-12-09T22:33:12+08:00 ] /thinkphpTest/admin.php/Index/index/username/resources/images/closelabel.gif | INFO: Tag[ route_check ] --END-- [ RunTime:0.005742s ]
[ 2014-12-09T22:33:12+08:00 ] /thinkphpTest/admin.php/Index/index/username/resources/images/closelabel.gif | INFO: Tag[ app_begin ] --START--
[ 2014-12-09T22:33:12+08:00 ] /thinkphpTest/admin.php/Index/index/username/resources/images/closelabel.gif | INFO: Run ReadHtmlCache Behavior [ RunTime:0.002338s ]
[ 2014-12-09T22:33:12+08:00 ] /thinkphpTest/admin.php/Index/index/username/resources/images/closelabel.gif | INFO: Tag[ app_begin ] --END-- [ RunTime:0.002476s ]
[ 2014-12-09T22:33:12+08:00 ] /thinkphpTest/admin.php/Index/index/username/resources/images/closelabel.gif | SQL: SHOW COLUMNS FROM `think_article` [ RunTime:0.005912s ]
[ 2014-12-09T22:33:12+08:00 ] /thinkphpTest/admin.php/Index/index/username/resources/images/closelabel.gif | SQL: SELECT COUNT(*) AS tp_count FROM `think_article` LIMIT 1   [ RunTime:0.011080s ]
[ 2014-12-09T22:33:12+08:00 ] /thinkphpTest/admin.php/Index/index/username/resources/images/closelabel.gif | INFO: Tag[ view_template ] --START--
[ 2014-12-09T22:33:12+08:00 ] /thinkphpTest/admin.php/Index/index/username/resources/images/closelabel.gif | INFO: Run LocationTemplate Behavior [ RunTime:0.003617s ]
[ 2014-12-09T22:33:12+08:00 ] /thinkphpTest/admin.php/Index/index/username/resources/images/closelabel.gif | INFO: Tag[ view_template ] --END-- [ RunTime:0.003802s ]
[ 2014-12-09T22:33:12+08:00 ] /thinkphpTest/admin.php/Index/index/username/resources/images/closelabel.gif | INFO: Tag[ view_parse ] --START--
[ 2014-12-09T22:33:13+08:00 ] /thinkphpTest/admin.php/Index/index/username/resources/images/closelabel.gif | INFO: Run ParseTemplate Behavior [ RunTime:0.054307s ]
[ 2014-12-09T22:33:13+08:00 ] /thinkphpTest/admin.php/Index/index/username/resources/images/closelabel.gif | INFO: Tag[ view_parse ] --END-- [ RunTime:0.054482s ]
[ 2014-12-09T22:33:13+08:00 ] /thinkphpTest/admin.php/Index/index/username/resources/images/closelabel.gif | INFO: Tag[ view_filter ] --START--
[ 2014-12-09T22:33:13+08:00 ] /thinkphpTest/admin.php/Index/index/username/resources/images/closelabel.gif | INFO: Run ContentReplace Behavior [ RunTime:0.004329s ]
[ 2014-12-09T22:33:13+08:00 ] /thinkphpTest/admin.php/Index/index/username/resources/images/closelabel.gif | INFO: Run TokenBuild Behavior [ RunTime:0.002373s ]
[ 2014-12-09T22:33:13+08:00 ] /thinkphpTest/admin.php/Index/index/username/resources/images/closelabel.gif | INFO: Run WriteHtmlCache Behavior [ RunTime:0.001916s ]
[ 2014-12-09T22:33:13+08:00 ] /thinkphpTest/admin.php/Index/index/username/resources/images/closelabel.gif | INFO: Run ShowRuntime Behavior [ RunTime:0.002281s ]
[ 2014-12-09T22:33:13+08:00 ] /thinkphpTest/admin.php/Index/index/username/resources/images/closelabel.gif | INFO: Tag[ view_filter ] --END-- [ RunTime:0.011293s ]
[ 2014-12-09T22:33:13+08:00 ] /thinkphpTest/admin.php/Index/index/username/resources/images/closelabel.gif | INFO: Tag[ view_end ] --START--
[ 2014-12-09T22:33:13+08:00 ] /thinkphpTest/admin.php/Index/index/username/resources/images/closelabel.gif | INFO: Run ShowPageTrace Behavior [ RunTime:0.002254s ]
[ 2014-12-09T22:33:13+08:00 ] /thinkphpTest/admin.php/Index/index/username/resources/images/closelabel.gif | INFO: Tag[ view_end ] --END-- [ RunTime:0.002396s ]
[ 2014-12-09T22:33:18+08:00 ] /thinkphpTest/admin.php/Index/index/username/ | INFO: Tag[ route_check ] --START--
[ 2014-12-09T22:33:18+08:00 ] /thinkphpTest/admin.php/Index/index/username/ | INFO: Run CheckRoute Behavior [ RunTime:0.001595s ]
[ 2014-12-09T22:33:18+08:00 ] /thinkphpTest/admin.php/Index/index/username/ | INFO: Tag[ route_check ] --END-- [ RunTime:0.001767s ]
[ 2014-12-09T22:33:18+08:00 ] /thinkphpTest/admin.php/Index/index/username/ | INFO: Tag[ app_begin ] --START--
[ 2014-12-09T22:33:18+08:00 ] /thinkphpTest/admin.php/Index/index/username/ | INFO: Run ReadHtmlCache Behavior [ RunTime:0.001694s ]
[ 2014-12-09T22:33:18+08:00 ] /thinkphpTest/admin.php/Index/index/username/ | INFO: Tag[ app_begin ] --END-- [ RunTime:0.001823s ]
[ 2014-12-09T22:33:18+08:00 ] /thinkphpTest/admin.php/Index/index/username/ | SQL: SHOW COLUMNS FROM `think_article` [ RunTime:0.072746s ]
[ 2014-12-09T22:33:18+08:00 ] /thinkphpTest/admin.php/Index/index/username/ | SQL: SELECT COUNT(*) AS tp_count FROM `think_article` LIMIT 1   [ RunTime:0.007570s ]
[ 2014-12-09T22:33:18+08:00 ] /thinkphpTest/admin.php/Index/index/username/ | INFO: Tag[ view_template ] --START--
[ 2014-12-09T22:33:18+08:00 ] /thinkphpTest/admin.php/Index/index/username/ | INFO: Run LocationTemplate Behavior [ RunTime:0.001922s ]
[ 2014-12-09T22:33:18+08:00 ] /thinkphpTest/admin.php/Index/index/username/ | INFO: Tag[ view_template ] --END-- [ RunTime:0.002030s ]
[ 2014-12-09T22:33:18+08:00 ] /thinkphpTest/admin.php/Index/index/username/ | INFO: Tag[ view_parse ] --START--
[ 2014-12-09T22:33:18+08:00 ] /thinkphpTest/admin.php/Index/index/username/ | INFO: Run ParseTemplate Behavior [ RunTime:0.043766s ]
[ 2014-12-09T22:33:18+08:00 ] /thinkphpTest/admin.php/Index/index/username/ | INFO: Tag[ view_parse ] --END-- [ RunTime:0.043900s ]
[ 2014-12-09T22:33:18+08:00 ] /thinkphpTest/admin.php/Index/index/username/ | INFO: Tag[ view_filter ] --START--
[ 2014-12-09T22:33:18+08:00 ] /thinkphpTest/admin.php/Index/index/username/ | INFO: Run ContentReplace Behavior [ RunTime:0.001443s ]
[ 2014-12-09T22:33:18+08:00 ] /thinkphpTest/admin.php/Index/index/username/ | INFO: Run TokenBuild Behavior [ RunTime:0.001522s ]
[ 2014-12-09T22:33:18+08:00 ] /thinkphpTest/admin.php/Index/index/username/ | INFO: Run WriteHtmlCache Behavior [ RunTime:0.001090s ]
[ 2014-12-09T22:33:18+08:00 ] /thinkphpTest/admin.php/Index/index/username/ | INFO: Run ShowRuntime Behavior [ RunTime:0.001470s ]
[ 2014-12-09T22:33:18+08:00 ] /thinkphpTest/admin.php/Index/index/username/ | INFO: Tag[ view_filter ] --END-- [ RunTime:0.005862s ]
[ 2014-12-09T22:33:18+08:00 ] /thinkphpTest/admin.php/Index/index/username/ | INFO: Tag[ view_end ] --START--
[ 2014-12-09T22:33:18+08:00 ] /thinkphpTest/admin.php/Index/index/username/ | INFO: Run ShowPageTrace Behavior [ RunTime:0.001764s ]
[ 2014-12-09T22:33:18+08:00 ] /thinkphpTest/admin.php/Index/index/username/ | INFO: Tag[ view_end ] --END-- [ RunTime:0.001903s ]
[ 2014-12-09T22:33:19+08:00 ] /thinkphpTest/admin.php/Index/index/username/resources/images/closelabel.gif | INFO: Tag[ route_check ] --START--
[ 2014-12-09T22:33:19+08:00 ] /thinkphpTest/admin.php/Index/index/username/resources/images/closelabel.gif | INFO: Run CheckRoute Behavior [ RunTime:0.001264s ]
[ 2014-12-09T22:33:19+08:00 ] /thinkphpTest/admin.php/Index/index/username/resources/images/closelabel.gif | INFO: Tag[ route_check ] --END-- [ RunTime:0.001466s ]
[ 2014-12-09T22:33:19+08:00 ] /thinkphpTest/admin.php/Index/index/username/resources/images/closelabel.gif | INFO: Tag[ app_begin ] --START--
[ 2014-12-09T22:33:19+08:00 ] /thinkphpTest/admin.php/Index/index/username/resources/images/closelabel.gif | INFO: Run ReadHtmlCache Behavior [ RunTime:0.000870s ]
[ 2014-12-09T22:33:19+08:00 ] /thinkphpTest/admin.php/Index/index/username/resources/images/closelabel.gif | INFO: Tag[ app_begin ] --END-- [ RunTime:0.001006s ]
[ 2014-12-09T22:33:19+08:00 ] /thinkphpTest/admin.php/Index/index/username/resources/images/closelabel.gif | SQL: SHOW COLUMNS FROM `think_article` [ RunTime:0.005378s ]
[ 2014-12-09T22:33:19+08:00 ] /thinkphpTest/admin.php/Index/index/username/resources/images/closelabel.gif | SQL: SELECT COUNT(*) AS tp_count FROM `think_article` LIMIT 1   [ RunTime:0.013046s ]
[ 2014-12-09T22:33:19+08:00 ] /thinkphpTest/admin.php/Index/index/username/resources/images/closelabel.gif | INFO: Tag[ view_template ] --START--
[ 2014-12-09T22:33:19+08:00 ] /thinkphpTest/admin.php/Index/index/username/resources/images/closelabel.gif | INFO: Run LocationTemplate Behavior [ RunTime:0.000788s ]
[ 2014-12-09T22:33:19+08:00 ] /thinkphpTest/admin.php/Index/index/username/resources/images/closelabel.gif | INFO: Tag[ view_template ] --END-- [ RunTime:0.001134s ]
[ 2014-12-09T22:33:19+08:00 ] /thinkphpTest/admin.php/Index/index/username/resources/images/closelabel.gif | INFO: Tag[ view_parse ] --START--
[ 2014-12-09T22:33:19+08:00 ] /thinkphpTest/admin.php/Index/index/username/resources/images/closelabel.gif | INFO: Run ParseTemplate Behavior [ RunTime:0.049887s ]
[ 2014-12-09T22:33:19+08:00 ] /thinkphpTest/admin.php/Index/index/username/resources/images/closelabel.gif | INFO: Tag[ view_parse ] --END-- [ RunTime:0.050150s ]
[ 2014-12-09T22:33:19+08:00 ] /thinkphpTest/admin.php/Index/index/username/resources/images/closelabel.gif | INFO: Tag[ view_filter ] --START--
[ 2014-12-09T22:33:19+08:00 ] /thinkphpTest/admin.php/Index/index/username/resources/images/closelabel.gif | INFO: Run ContentReplace Behavior [ RunTime:0.000858s ]
[ 2014-12-09T22:33:19+08:00 ] /thinkphpTest/admin.php/Index/index/username/resources/images/closelabel.gif | INFO: Run TokenBuild Behavior [ RunTime:0.001454s ]
[ 2014-12-09T22:33:19+08:00 ] /thinkphpTest/admin.php/Index/index/username/resources/images/closelabel.gif | INFO: Run WriteHtmlCache Behavior [ RunTime:0.000426s ]
[ 2014-12-09T22:33:19+08:00 ] /thinkphpTest/admin.php/Index/index/username/resources/images/closelabel.gif | INFO: Run ShowRuntime Behavior [ RunTime:0.001434s ]
[ 2014-12-09T22:33:19+08:00 ] /thinkphpTest/admin.php/Index/index/username/resources/images/closelabel.gif | INFO: Tag[ view_filter ] --END-- [ RunTime:0.004614s ]
[ 2014-12-09T22:33:19+08:00 ] /thinkphpTest/admin.php/Index/index/username/resources/images/closelabel.gif | INFO: Tag[ view_end ] --START--
[ 2014-12-09T22:33:19+08:00 ] /thinkphpTest/admin.php/Index/index/username/resources/images/closelabel.gif | INFO: Run ShowPageTrace Behavior [ RunTime:0.000726s ]
[ 2014-12-09T22:33:19+08:00 ] /thinkphpTest/admin.php/Index/index/username/resources/images/closelabel.gif | INFO: Tag[ view_end ] --END-- [ RunTime:0.000865s ]
[ 2014-12-09T22:35:41+08:00 ] /thinkphpTest/admin.php/ | INFO: Tag[ route_check ] --START--
[ 2014-12-09T22:35:41+08:00 ] /thinkphpTest/admin.php/ | INFO: Run CheckRoute Behavior [ RunTime:0.006503s ]
[ 2014-12-09T22:35:41+08:00 ] /thinkphpTest/admin.php/ | INFO: Tag[ route_check ] --END-- [ RunTime:0.006634s ]
[ 2014-12-09T22:35:41+08:00 ] /thinkphpTest/admin.php/ | INFO: Tag[ app_begin ] --START--
[ 2014-12-09T22:35:41+08:00 ] /thinkphpTest/admin.php/ | INFO: Run ReadHtmlCache Behavior [ RunTime:0.006307s ]
[ 2014-12-09T22:35:41+08:00 ] /thinkphpTest/admin.php/ | INFO: Tag[ app_begin ] --END-- [ RunTime:0.006396s ]
[ 2014-12-09T22:35:41+08:00 ] /thinkphpTest/admin.php/ | SQL: SHOW COLUMNS FROM `think_article` [ RunTime:0.003988s ]
[ 2014-12-09T22:35:41+08:00 ] /thinkphpTest/admin.php/ | SQL: SELECT COUNT(*) AS tp_count FROM `think_article` LIMIT 1   [ RunTime:0.004249s ]
[ 2014-12-09T22:35:41+08:00 ] /thinkphpTest/admin.php/ | INFO: Tag[ view_template ] --START--
[ 2014-12-09T22:35:41+08:00 ] /thinkphpTest/admin.php/ | INFO: Run LocationTemplate Behavior [ RunTime:0.005816s ]
[ 2014-12-09T22:35:41+08:00 ] /thinkphpTest/admin.php/ | INFO: Tag[ view_template ] --END-- [ RunTime:0.005901s ]
[ 2014-12-09T22:35:41+08:00 ] /thinkphpTest/admin.php/ | INFO: Tag[ view_parse ] --START--
[ 2014-12-09T22:35:41+08:00 ] /thinkphpTest/admin.php/ | INFO: Run ParseTemplate Behavior [ RunTime:0.072636s ]
[ 2014-12-09T22:35:41+08:00 ] /thinkphpTest/admin.php/ | INFO: Tag[ view_parse ] --END-- [ RunTime:0.072733s ]
[ 2014-12-09T22:35:41+08:00 ] /thinkphpTest/admin.php/ | INFO: Tag[ view_filter ] --START--
[ 2014-12-09T22:35:41+08:00 ] /thinkphpTest/admin.php/ | INFO: Run ContentReplace Behavior [ RunTime:0.005116s ]
[ 2014-12-09T22:35:41+08:00 ] /thinkphpTest/admin.php/ | INFO: Run TokenBuild Behavior [ RunTime:0.005068s ]
[ 2014-12-09T22:35:41+08:00 ] /thinkphpTest/admin.php/ | INFO: Run WriteHtmlCache Behavior [ RunTime:0.004213s ]
[ 2014-12-09T22:35:41+08:00 ] /thinkphpTest/admin.php/ | INFO: Run ShowRuntime Behavior [ RunTime:0.005444s ]
[ 2014-12-09T22:35:41+08:00 ] /thinkphpTest/admin.php/ | INFO: Tag[ view_filter ] --END-- [ RunTime:0.020093s ]
[ 2014-12-09T22:35:41+08:00 ] /thinkphpTest/admin.php/ | INFO: Tag[ view_end ] --START--
[ 2014-12-09T22:35:41+08:00 ] /thinkphpTest/admin.php/ | INFO: Run ShowPageTrace Behavior [ RunTime:0.005397s ]
[ 2014-12-09T22:35:41+08:00 ] /thinkphpTest/admin.php/ | INFO: Tag[ view_end ] --END-- [ RunTime:0.005533s ]
[ 2014-12-09T22:35:42+08:00 ] /thinkphpTest/admin.php/resources/images/closelabel.gif | ERR: (ThinkException) 无法加载模块resources
[ 2014-12-09T22:39:06+08:00 ] /thinkphpTest/admin.php/ | INFO: Tag[ route_check ] --START--
[ 2014-12-09T22:39:06+08:00 ] /thinkphpTest/admin.php/ | INFO: Run CheckRoute Behavior [ RunTime:0.002143s ]
[ 2014-12-09T22:39:06+08:00 ] /thinkphpTest/admin.php/ | INFO: Tag[ route_check ] --END-- [ RunTime:0.002314s ]
[ 2014-12-09T22:39:06+08:00 ] /thinkphpTest/admin.php/ | INFO: Tag[ app_begin ] --START--
[ 2014-12-09T22:39:06+08:00 ] /thinkphpTest/admin.php/ | INFO: Run ReadHtmlCache Behavior [ RunTime:0.001596s ]
[ 2014-12-09T22:39:06+08:00 ] /thinkphpTest/admin.php/ | INFO: Tag[ app_begin ] --END-- [ RunTime:0.001670s ]
[ 2014-12-09T22:39:06+08:00 ] /thinkphpTest/admin.php/ | SQL: SHOW COLUMNS FROM `think_article` [ RunTime:0.005834s ]
[ 2014-12-09T22:39:06+08:00 ] /thinkphpTest/admin.php/ | SQL: SELECT COUNT(*) AS tp_count FROM `think_article` LIMIT 1   [ RunTime:0.006252s ]
[ 2014-12-09T22:39:06+08:00 ] /thinkphpTest/admin.php/ | INFO: Tag[ view_template ] --START--
[ 2014-12-09T22:39:06+08:00 ] /thinkphpTest/admin.php/ | INFO: Run LocationTemplate Behavior [ RunTime:0.002193s ]
[ 2014-12-09T22:39:06+08:00 ] /thinkphpTest/admin.php/ | INFO: Tag[ view_template ] --END-- [ RunTime:0.002292s ]
[ 2014-12-09T22:39:06+08:00 ] /thinkphpTest/admin.php/ | INFO: Tag[ view_parse ] --START--
[ 2014-12-09T22:39:06+08:00 ] /thinkphpTest/admin.php/ | INFO: Run ParseTemplate Behavior [ RunTime:0.031841s ]
[ 2014-12-09T22:39:06+08:00 ] /thinkphpTest/admin.php/ | INFO: Tag[ view_parse ] --END-- [ RunTime:0.031949s ]
[ 2014-12-09T22:39:06+08:00 ] /thinkphpTest/admin.php/ | INFO: Tag[ view_filter ] --START--
[ 2014-12-09T22:39:06+08:00 ] /thinkphpTest/admin.php/ | INFO: Run ContentReplace Behavior [ RunTime:0.001444s ]
[ 2014-12-09T22:39:06+08:00 ] /thinkphpTest/admin.php/ | INFO: Run TokenBuild Behavior [ RunTime:0.001649s ]
[ 2014-12-09T22:39:06+08:00 ] /thinkphpTest/admin.php/ | INFO: Run WriteHtmlCache Behavior [ RunTime:0.001384s ]
[ 2014-12-09T22:39:06+08:00 ] /thinkphpTest/admin.php/ | INFO: Run ShowRuntime Behavior [ RunTime:0.001537s ]
[ 2014-12-09T22:39:06+08:00 ] /thinkphpTest/admin.php/ | INFO: Tag[ view_filter ] --END-- [ RunTime:0.006317s ]
[ 2014-12-09T22:39:06+08:00 ] /thinkphpTest/admin.php/ | INFO: Tag[ view_end ] --START--
[ 2014-12-09T22:39:06+08:00 ] /thinkphpTest/admin.php/ | INFO: Run ShowPageTrace Behavior [ RunTime:0.002717s ]
[ 2014-12-09T22:39:06+08:00 ] /thinkphpTest/admin.php/ | INFO: Tag[ view_end ] --END-- [ RunTime:0.002891s ]
[ 2014-12-09T22:39:07+08:00 ] /thinkphpTest/admin.php/resources/images/closelabel.gif | ERR: (ThinkException) 无法加载模块resources
[ 2014-12-09T22:41:00+08:00 ] /thinkphpTest/admin.php/ | INFO: Tag[ route_check ] --START--
[ 2014-12-09T22:41:00+08:00 ] /thinkphpTest/admin.php/ | INFO: Run CheckRoute Behavior [ RunTime:0.000849s ]
[ 2014-12-09T22:41:00+08:00 ] /thinkphpTest/admin.php/ | INFO: Tag[ route_check ] --END-- [ RunTime:0.000960s ]
[ 2014-12-09T22:41:00+08:00 ] /thinkphpTest/admin.php/ | INFO: Tag[ app_begin ] --START--
[ 2014-12-09T22:41:00+08:00 ] /thinkphpTest/admin.php/ | INFO: Run ReadHtmlCache Behavior [ RunTime:0.000569s ]
[ 2014-12-09T22:41:00+08:00 ] /thinkphpTest/admin.php/ | INFO: Tag[ app_begin ] --END-- [ RunTime:0.000638s ]
[ 2014-12-09T22:41:00+08:00 ] /thinkphpTest/admin.php/ | SQL: SHOW COLUMNS FROM `think_article` [ RunTime:0.003729s ]
[ 2014-12-09T22:41:00+08:00 ] /thinkphpTest/admin.php/ | SQL: SELECT COUNT(*) AS tp_count FROM `think_article` LIMIT 1   [ RunTime:0.004587s ]
[ 2014-12-09T22:41:00+08:00 ] /thinkphpTest/admin.php/ | INFO: Tag[ view_template ] --START--
[ 2014-12-09T22:41:00+08:00 ] /thinkphpTest/admin.php/ | INFO: Run LocationTemplate Behavior [ RunTime:0.000445s ]
[ 2014-12-09T22:41:00+08:00 ] /thinkphpTest/admin.php/ | INFO: Tag[ view_template ] --END-- [ RunTime:0.000513s ]
[ 2014-12-09T22:41:00+08:00 ] /thinkphpTest/admin.php/ | INFO: Tag[ view_parse ] --START--
[ 2014-12-09T22:41:00+08:00 ] /thinkphpTest/admin.php/ | INFO: Run ParseTemplate Behavior [ RunTime:0.023185s ]
[ 2014-12-09T22:41:00+08:00 ] /thinkphpTest/admin.php/ | INFO: Tag[ view_parse ] --END-- [ RunTime:0.023281s ]
[ 2014-12-09T22:41:00+08:00 ] /thinkphpTest/admin.php/ | INFO: Tag[ view_filter ] --START--
[ 2014-12-09T22:41:00+08:00 ] /thinkphpTest/admin.php/ | INFO: Run ContentReplace Behavior [ RunTime:0.000986s ]
[ 2014-12-09T22:41:00+08:00 ] /thinkphpTest/admin.php/ | INFO: Run TokenBuild Behavior [ RunTime:0.000924s ]
[ 2014-12-09T22:41:00+08:00 ] /thinkphpTest/admin.php/ | INFO: Run WriteHtmlCache Behavior [ RunTime:0.000721s ]
[ 2014-12-09T22:41:00+08:00 ] /thinkphpTest/admin.php/ | INFO: Run ShowRuntime Behavior [ RunTime:0.000816s ]
[ 2014-12-09T22:41:00+08:00 ] /thinkphpTest/admin.php/ | INFO: Tag[ view_filter ] --END-- [ RunTime:0.003651s ]
[ 2014-12-09T22:41:00+08:00 ] /thinkphpTest/admin.php/ | INFO: Tag[ view_end ] --START--
[ 2014-12-09T22:41:00+08:00 ] /thinkphpTest/admin.php/ | INFO: Run ShowPageTrace Behavior [ RunTime:0.001481s ]
[ 2014-12-09T22:41:00+08:00 ] /thinkphpTest/admin.php/ | INFO: Tag[ view_end ] --END-- [ RunTime:0.001623s ]
[ 2014-12-09T22:41:01+08:00 ] /thinkphpTest/admin.php/resources/images/closelabel.gif | ERR: (ThinkException) 无法加载模块resources
[ 2014-12-09T22:42:48+08:00 ] /thinkphpTest/admin.php/ | INFO: Tag[ route_check ] --START--
[ 2014-12-09T22:42:48+08:00 ] /thinkphpTest/admin.php/ | INFO: Run CheckRoute Behavior [ RunTime:0.001680s ]
[ 2014-12-09T22:42:48+08:00 ] /thinkphpTest/admin.php/ | INFO: Tag[ route_check ] --END-- [ RunTime:0.001818s ]
[ 2014-12-09T22:42:48+08:00 ] /thinkphpTest/admin.php/ | INFO: Tag[ app_begin ] --START--
[ 2014-12-09T22:42:48+08:00 ] /thinkphpTest/admin.php/ | INFO: Run ReadHtmlCache Behavior [ RunTime:0.001364s ]
[ 2014-12-09T22:42:48+08:00 ] /thinkphpTest/admin.php/ | INFO: Tag[ app_begin ] --END-- [ RunTime:0.001426s ]
[ 2014-12-09T22:42:48+08:00 ] /thinkphpTest/admin.php/ | SQL: SHOW COLUMNS FROM `think_article` [ RunTime:0.040720s ]
[ 2014-12-09T22:42:48+08:00 ] /thinkphpTest/admin.php/ | SQL: SELECT COUNT(*) AS tp_count FROM `think_article` LIMIT 1   [ RunTime:0.005545s ]
[ 2014-12-09T22:42:48+08:00 ] /thinkphpTest/admin.php/ | SQL: SELECT * FROM `think_article` LIMIT 1   [ RunTime:0.000354s ]
[ 2014-12-09T22:42:48+08:00 ] /thinkphpTest/admin.php/ | INFO: Tag[ view_template ] --START--
[ 2014-12-09T22:42:48+08:00 ] /thinkphpTest/admin.php/ | INFO: Run LocationTemplate Behavior [ RunTime:0.001980s ]
[ 2014-12-09T22:42:48+08:00 ] /thinkphpTest/admin.php/ | INFO: Tag[ view_template ] --END-- [ RunTime:0.002047s ]
[ 2014-12-09T22:42:48+08:00 ] /thinkphpTest/admin.php/ | INFO: Tag[ view_parse ] --START--
[ 2014-12-09T22:42:48+08:00 ] /thinkphpTest/admin.php/ | INFO: Run ParseTemplate Behavior [ RunTime:0.026404s ]
[ 2014-12-09T22:42:48+08:00 ] /thinkphpTest/admin.php/ | INFO: Tag[ view_parse ] --END-- [ RunTime:0.026493s ]
[ 2014-12-09T22:42:48+08:00 ] /thinkphpTest/admin.php/ | INFO: Tag[ view_filter ] --START--
[ 2014-12-09T22:42:48+08:00 ] /thinkphpTest/admin.php/ | INFO: Run ContentReplace Behavior [ RunTime:0.001380s ]
[ 2014-12-09T22:42:48+08:00 ] /thinkphpTest/admin.php/ | INFO: Run TokenBuild Behavior [ RunTime:0.001279s ]
[ 2014-12-09T22:42:48+08:00 ] /thinkphpTest/admin.php/ | INFO: Run WriteHtmlCache Behavior [ RunTime:0.001009s ]
[ 2014-12-09T22:42:48+08:00 ] /thinkphpTest/admin.php/ | INFO: Run ShowRuntime Behavior [ RunTime:0.001199s ]
[ 2014-12-09T22:42:48+08:00 ] /thinkphpTest/admin.php/ | INFO: Tag[ view_filter ] --END-- [ RunTime:0.005067s ]
[ 2014-12-09T22:42:48+08:00 ] /thinkphpTest/admin.php/ | INFO: Tag[ view_end ] --START--
[ 2014-12-09T22:42:48+08:00 ] /thinkphpTest/admin.php/ | INFO: Run ShowPageTrace Behavior [ RunTime:0.002177s ]
[ 2014-12-09T22:42:48+08:00 ] /thinkphpTest/admin.php/ | INFO: Tag[ view_end ] --END-- [ RunTime:0.002299s ]
[ 2014-12-09T22:42:50+08:00 ] /thinkphpTest/admin.php/resources/images/closelabel.gif | ERR: (ThinkException) 无法加载模块resources
