[ 2014-12-13T15:09:22+08:00 ] /thinkphpTest/admin.php/Login/index | INFO: Tag[ route_check ] --START--
[ 2014-12-13T15:09:22+08:00 ] /thinkphpTest/admin.php/Login/index | INFO: Run CheckRoute Behavior [ RunTime:0.028378s ]
[ 2014-12-13T15:09:22+08:00 ] /thinkphpTest/admin.php/Login/index | INFO: Tag[ route_check ] --END-- [ RunTime:0.048377s ]
[ 2014-12-13T15:09:22+08:00 ] /thinkphpTest/admin.php/Login/index | INFO: Tag[ app_begin ] --START--
[ 2014-12-13T15:09:22+08:00 ] /thinkphpTest/admin.php/Login/index | INFO: Run ReadHtmlCache Behavior [ RunTime:0.038732s ]
[ 2014-12-13T15:09:22+08:00 ] /thinkphpTest/admin.php/Login/index | INFO: Tag[ app_begin ] --END-- [ RunTime:0.038860s ]
[ 2014-12-13T15:09:22+08:00 ] /thinkphpTest/admin.php/Login/index | INFO: Tag[ view_template ] --START--
[ 2014-12-13T15:09:22+08:00 ] /thinkphpTest/admin.php/Login/index | INFO: Run LocationTemplate Behavior [ RunTime:0.005575s ]
[ 2014-12-13T15:09:22+08:00 ] /thinkphpTest/admin.php/Login/index | INFO: Tag[ view_template ] --END-- [ RunTime:0.005703s ]
[ 2014-12-13T15:09:22+08:00 ] /thinkphpTest/admin.php/Login/index | INFO: Tag[ view_parse ] --START--
[ 2014-12-13T15:09:22+08:00 ] /thinkphpTest/admin.php/Login/index | INFO: Run ParseTemplate Behavior [ RunTime:0.247819s ]
[ 2014-12-13T15:09:22+08:00 ] /thinkphpTest/admin.php/Login/index | INFO: Tag[ view_parse ] --END-- [ RunTime:0.247977s ]
[ 2014-12-13T15:09:22+08:00 ] /thinkphpTest/admin.php/Login/index | INFO: Tag[ view_filter ] --START--
[ 2014-12-13T15:09:22+08:00 ] /thinkphpTest/admin.php/Login/index | INFO: Run ContentReplace Behavior [ RunTime:0.013754s ]
[ 2014-12-13T15:09:22+08:00 ] /thinkphpTest/admin.php/Login/index | INFO: Run TokenBuild Behavior [ RunTime:0.013590s ]
[ 2014-12-13T15:09:22+08:00 ] /thinkphpTest/admin.php/Login/index | INFO: Run WriteHtmlCache Behavior [ RunTime:0.014975s ]
[ 2014-12-13T15:09:22+08:00 ] /thinkphpTest/admin.php/Login/index | INFO: Run ShowRuntime Behavior [ RunTime:0.008476s ]
[ 2014-12-13T15:09:22+08:00 ] /thinkphpTest/admin.php/Login/index | INFO: Tag[ view_filter ] --END-- [ RunTime:0.051150s ]
[ 2014-12-13T15:09:22+08:00 ] /thinkphpTest/admin.php/Login/index | INFO: Tag[ view_end ] --START--
[ 2014-12-13T15:09:22+08:00 ] /thinkphpTest/admin.php/Login/index | INFO: Run ShowPageTrace Behavior [ RunTime:0.061978s ]
[ 2014-12-13T15:09:22+08:00 ] /thinkphpTest/admin.php/Login/index | INFO: Tag[ view_end ] --END-- [ RunTime:0.062122s ]
[ 2014-12-13T15:09:23+08:00 ] /thinkphpTest/admin.php/Login/resources/images/closelabel.gif | ERR: (ThinkException) 非法操作resources
[ 2014-12-13T15:09:27+08:00 ] /thinkphpTest/admin.php/Login/login | ERR: (ThinkException) Access denied for user 'root'@'localhost' (using password: YES)
[ 2014-12-13T15:09:40+08:00 ] /thinkphpTest/admin.php/Login/login | ERR: (ThinkException) Access denied for user 'root'@'localhost' (using password: YES)
[ 2014-12-13T15:11:54+08:00 ] /thinkphpTest/admin.php/Index/index/username/ | INFO: Tag[ route_check ] --START--
[ 2014-12-13T15:11:54+08:00 ] /thinkphpTest/admin.php/Index/index/username/ | INFO: Run CheckRoute Behavior [ RunTime:0.001128s ]
[ 2014-12-13T15:11:54+08:00 ] /thinkphpTest/admin.php/Index/index/username/ | INFO: Tag[ route_check ] --END-- [ RunTime:0.001287s ]
[ 2014-12-13T15:11:54+08:00 ] /thinkphpTest/admin.php/Index/index/username/ | INFO: Tag[ app_begin ] --START--
[ 2014-12-13T15:11:54+08:00 ] /thinkphpTest/admin.php/Index/index/username/ | INFO: Run ReadHtmlCache Behavior [ RunTime:0.000789s ]
[ 2014-12-13T15:11:54+08:00 ] /thinkphpTest/admin.php/Index/index/username/ | INFO: Tag[ app_begin ] --END-- [ RunTime:0.000908s ]
[ 2014-12-13T15:11:54+08:00 ] /thinkphpTest/admin.php/Index/index/username/ | SQL: SHOW COLUMNS FROM `think_article` [ RunTime:0.019666s ]
[ 2014-12-13T15:11:54+08:00 ] /thinkphpTest/admin.php/Index/index/username/ | SQL: SELECT COUNT(*) AS tp_count FROM `think_article` LIMIT 1   [ RunTime:0.013396s ]
[ 2014-12-13T15:11:54+08:00 ] /thinkphpTest/admin.php/Index/index/username/ | SQL: SELECT * FROM `think_article`  [ RunTime:0.000324s ]
[ 2014-12-13T15:11:54+08:00 ] /thinkphpTest/admin.php/Index/index/username/ | INFO: Tag[ view_template ] --START--
[ 2014-12-13T15:11:54+08:00 ] /thinkphpTest/admin.php/Index/index/username/ | INFO: Run LocationTemplate Behavior [ RunTime:0.012487s ]
[ 2014-12-13T15:11:54+08:00 ] /thinkphpTest/admin.php/Index/index/username/ | INFO: Tag[ view_template ] --END-- [ RunTime:0.012596s ]
[ 2014-12-13T15:11:54+08:00 ] /thinkphpTest/admin.php/Index/index/username/ | INFO: Tag[ view_parse ] --START--
[ 2014-12-13T15:11:55+08:00 ] /thinkphpTest/admin.php/Index/index/username/ | INFO: Run ParseTemplate Behavior [ RunTime:0.080991s ]
[ 2014-12-13T15:11:55+08:00 ] /thinkphpTest/admin.php/Index/index/username/ | INFO: Tag[ view_parse ] --END-- [ RunTime:0.081166s ]
[ 2014-12-13T15:11:55+08:00 ] /thinkphpTest/admin.php/Index/index/username/ | INFO: Tag[ view_filter ] --START--
[ 2014-12-13T15:11:55+08:00 ] /thinkphpTest/admin.php/Index/index/username/ | INFO: Run ContentReplace Behavior [ RunTime:0.001750s ]
[ 2014-12-13T15:11:55+08:00 ] /thinkphpTest/admin.php/Index/index/username/ | INFO: Run TokenBuild Behavior [ RunTime:0.001992s ]
[ 2014-12-13T15:11:55+08:00 ] /thinkphpTest/admin.php/Index/index/username/ | INFO: Run WriteHtmlCache Behavior [ RunTime:0.001195s ]
[ 2014-12-13T15:11:55+08:00 ] /thinkphpTest/admin.php/Index/index/username/ | INFO: Run ShowRuntime Behavior [ RunTime:0.001828s ]
[ 2014-12-13T15:11:55+08:00 ] /thinkphpTest/admin.php/Index/index/username/ | INFO: Tag[ view_filter ] --END-- [ RunTime:0.007163s ]
[ 2014-12-13T15:11:55+08:00 ] /thinkphpTest/admin.php/Index/index/username/ | INFO: Tag[ view_end ] --START--
[ 2014-12-13T15:11:55+08:00 ] /thinkphpTest/admin.php/Index/index/username/ | INFO: Run ShowPageTrace Behavior [ RunTime:0.004593s ]
[ 2014-12-13T15:11:55+08:00 ] /thinkphpTest/admin.php/Index/index/username/ | INFO: Tag[ view_end ] --END-- [ RunTime:0.005094s ]
